<?xml version="1.0" encoding="UTF-8"?>
<testsuite xmlns:xsi="http://www.w3.org/2001/XMLSchema-instance" xsi:noNamespaceSchemaLocation="https://maven.apache.org/surefire/maven-surefire-plugin/xsd/surefire-test-report.xsd" name="com.sg.superherosightings.dao.SuperDaoImplTest" time="0.195" tests="4" errors="0" skipped="0" failures="0">
  <properties>
[...]
</properties>
  <testcase name="testAddAndGetSuperById" classname="com.sg.superherosightings.dao.SuperDaoImplTest" time="0.046"/>
  <testcase name="testUpdateSuper" classname="com.sg.superherosightings.dao.SuperDaoImplTest" time="0.03"/>
  <testcase name="testDeleteSuperById" classname="com.sg.superherosightings.dao.SuperDaoImplTest" time="0.065"/>
  <testcase name="testGetAllSupers" classname="com.sg.superherosightings.dao.SuperDaoImplTest" time="0.041"/>
</testsuite>